2023-09-10T22:26:40,783 [main] INFO  (APITest.java:26) - VerifyEmpolyeeDetailsTest execution has been started.................!!!
2023-09-10T22:26:43,548 [main] INFO  (APITest.java:28) -  
2023-09-10T22:26:43,597 [main] INFO  (ExtentReportListener.java:102) - java.lang.AssertionError: expected [true] but found [false]
2023-09-10T22:28:57,094 [main] INFO  (APITest.java:26) - VerifyEmpolyeeDetailsTest execution has been started.................!!!
2023-09-10T22:28:59,923 [main] INFO  (APITest.java:28) -  
2023-09-10T22:28:59,958 [main] INFO  (ExtentReportListener.java:102) - java.lang.AssertionError: expected [true] but found [false]
2023-09-10T22:30:17,105 [main] INFO  (APITest.java:26) - VerifyEmpolyeeDetailsTest execution has been started.................!!!
2023-09-10T22:30:20,111 [main] INFO  (APITest.java:28) -  
2023-09-10T22:30:20,167 [main] INFO  (ExtentReportListener.java:102) - java.lang.AssertionError: expected [true] but found [false]
2023-09-10T22:40:18,643 [main] INFO  (APITest.java:26) - VerifyEmpolyeeDetailsTest execution has been started.................!!!
2023-09-10T22:40:22,240 [main] INFO  (APITest.java:28) - {"page":2,"per_page":6,"total":12,"total_pages":2,"data":[{"id":7,"email":"michael.lawson@reqres.in","first_name":"Michael","last_name":"Lawson","avatar":"https://reqres.in/img/faces/7-image.jpg"},{"id":8,"email":"lindsay.ferguson@reqres.in","first_name":"Lindsay","last_name":"Ferguson","avatar":"https://reqres.in/img/faces/8-image.jpg"},{"id":9,"email":"tobias.funke@reqres.in","first_name":"Tobias","last_name":"Funke","avatar":"https://reqres.in/img/faces/9-image.jpg"},{"id":10,"email":"byron.fields@reqres.in","first_name":"Byron","last_name":"Fields","avatar":"https://reqres.in/img/faces/10-image.jpg"},{"id":11,"email":"george.edwards@reqres.in","first_name":"George","last_name":"Edwards","avatar":"https://reqres.in/img/faces/11-image.jpg"},{"id":12,"email":"rachel.howell@reqres.in","first_name":"Rachel","last_name":"Howell","avatar":"https://reqres.in/img/faces/12-image.jpg"}],"support":{"url":"https://reqres.in/#support-heading","text":"To keep ReqRes free, contributions towards server costs are appreciated!"}}
2023-09-10T22:40:22,256 [main] INFO  (CommonUtils.java:76) - Actual Emp Details: id-8  FirstName-Lindsay LastName-Ferguson
2023-09-10T22:40:22,256 [main] INFO  (CommonUtils.java:96) - Expected FirstName-Michael & LastName-Lawson  Details are not matching
2023-09-10T22:40:22,290 [main] INFO  (ExtentReportListener.java:102) - java.lang.AssertionError: expected [true] but found [false]
2023-09-10T22:40:23,426 [main] INFO  (APITest.java:42) - {
    "name": "shiv",
    "job": "DAM",
    "id": "878",
    "createdAt": "2023-09-10T17:10:23.401Z"
}
2023-09-10T22:52:32,113 [main] INFO  (APITest.java:26) - Verifying Employee's Firstname and last by Employee ID.................!!!
2023-09-10T22:52:35,443 [main] INFO  (APITest.java:29) - Employee details has been traced{
    "page": 2,
    "per_page": 6,
    "total": 12,
    "total_pages": 2,
    "data": [
        {
            "id": 7,
            "email": "michael.lawson@reqres.in",
            "first_name": "Michael",
            "last_name": "Lawson",
            "avatar": "https://reqres.in/img/faces/7-image.jpg"
        },
        {
            "id": 8,
            "email": "lindsay.ferguson@reqres.in",
            "first_name": "Lindsay",
            "last_name": "Ferguson",
            "avatar": "https://reqres.in/img/faces/8-image.jpg"
        },
        {
            "id": 9,
            "email": "tobias.funke@reqres.in",
            "first_name": "Tobias",
            "last_name": "Funke",
            "avatar": "https://reqres.in/img/faces/9-image.jpg"
        },
        {
            "id": 10,
            "email": "byron.fields@reqres.in",
            "first_name": "Byron",
            "last_name": "Fields",
            "avatar": "https://reqres.in/img/faces/10-image.jpg"
        },
        {
            "id": 11,
            "email": "george.edwards@reqres.in",
            "first_name": "George",
            "last_name": "Edwards",
            "avatar": "https://reqres.in/img/faces/11-image.jpg"
        },
        {
            "id": 12,
            "email": "rachel.howell@reqres.in",
            "first_name": "Rachel",
            "last_name": "Howell",
            "avatar": "https://reqres.in/img/faces/12-image.jpg"
        }
    ],
    "support": {
        "url": "https://reqres.in/#support-heading",
        "text": "To keep ReqRes free, contributions towards server costs are appreciated!"
    }
}
2023-09-10T22:52:35,459 [main] INFO  (CommonUtils.java:77) - Actual Emp Details: id-8  FirstName-Lindsay LastName-Ferguson
2023-09-10T22:52:35,460 [main] INFO  (CommonUtils.java:97) - Expected FirstName-Michael & LastName-Lawson  Details are not matching
2023-09-10T22:52:35,492 [main] INFO  (ExtentReportListener.java:102) - java.lang.AssertionError: expected [true] but found [false]
2023-09-10T22:52:36,523 [main] INFO  (APITest.java:43) - {
    "name": "shiv",
    "job": "DAM",
    "id": "289",
    "createdAt": "2023-09-10T17:22:36.575Z"
}
